-------------------------------------------------------------------------------
Test set: hellocucumber.RunCucumberTest
-------------------------------------------------------------------------------
Tests run: 1, Failures: 0, Errors: 1, Skipped: 0, Time elapsed: 0.096 s <<< FAILURE! -- in hellocucumber.RunCucumberTest
An example.The example -- Time elapsed: 0.034 s <<< ERROR!
io.cucumber.java.PendingException: TODO: implement me
	at hellocucumber.StepDefinitions.anExampleScenario(StepDefinitions.java:13)
	at ✽.an example scenario(classpath:hellocucumber/example.feature:4)

